2026-03-18 15:14:19,103 - INFO - Initializing GitHub Committer...
2026-03-18 15:14:19,104 - INFO - Loaded configuration: 650 commit messages
2026-03-18 15:14:19,105 - INFO - Using project path: D:\Projects\Practice Projects\Git\Github-Commit\MunQuest-School-Management
2026-03-18 15:14:19,110 - INFO - Initializing new git repository at D:\Projects\Practice Projects\Git\Github-Commit\MunQuest-School-Management
2026-03-18 15:14:19,302 - INFO - Created remote 'origin' for fortunatoman/MunQuest-School-Management
2026-03-18 15:14:21,228 - INFO - GitHub authentication successful: fortunatoman
2026-03-18 15:14:21,229 - INFO - Initialization complete
2026-03-18 15:14:21,231 - INFO - Generated schedule: 26 weekdays, 3 weekend days, 26 sick days skipped
2026-03-18 15:14:21,231 - INFO - Schedule: 29 days, 529 total commits
2026-03-18 15:14:21,232 - INFO - Already completed: 0 commits
2026-03-18 15:14:21,235 - INFO - Modified 3 files
2026-03-18 15:14:30,686 - INFO - Created commit: chore: initialize project repository with README a...
2026-03-18 15:14:30,687 - INFO - [OK] Commit created: chore: initialize project repository with README and .gitignore
2026-03-18 15:14:35,543 - INFO - Pushed to GitHub: master
2026-03-18 15:14:36,547 - INFO - Modified 3 files
2026-03-18 15:14:37,190 - INFO - Created commit: chore: set up monorepo structure with frontend and...
2026-03-18 15:14:37,191 - INFO - [OK] Commit created: chore: set up monorepo structure with frontend and backend directories
2026-03-18 15:14:39,163 - INFO - Pushed to GitHub: master
2026-03-18 15:14:40,166 - INFO - Modified 3 files
2026-03-18 15:14:40,599 - INFO - Created commit: chore: add MIT license file...
2026-03-18 15:14:40,600 - INFO - [OK] Commit created: chore: add MIT license file
2026-03-18 15:14:44,004 - INFO - Pushed to GitHub: master
2026-03-18 15:14:45,007 - INFO - Modified 3 files
2026-03-18 15:14:45,438 - INFO - Created commit: chore: configure ESLint and Prettier for consisten...
2026-03-18 15:14:45,439 - INFO - [OK] Commit created: chore: configure ESLint and Prettier for consistent code formatting
2026-03-18 15:14:47,391 - INFO - Pushed to GitHub: master
2026-03-18 15:14:48,394 - INFO - Modified 3 files
2026-03-18 15:14:49,323 - INFO - Created commit: chore: add .editorconfig for cross-editor consiste...
2026-03-18 15:14:49,323 - INFO - [OK] Commit created: chore: add .editorconfig for cross-editor consistency
2026-03-18 15:14:51,352 - INFO - Pushed to GitHub: master
2026-03-18 15:14:52,354 - INFO - Modified 3 files
2026-03-18 15:14:52,707 - INFO - Created commit: chore: set up Husky pre-commit hooks...
2026-03-18 15:14:52,708 - INFO - [OK] Commit created: chore: set up Husky pre-commit hooks
2026-03-18 15:14:54,784 - INFO - Pushed to GitHub: master
2026-03-18 15:14:55,787 - INFO - Modified 3 files
2026-03-18 15:14:56,001 - INFO - Created commit: chore: configure lint-staged for pre-commit lintin...
2026-03-18 15:14:56,001 - INFO - [OK] Commit created: chore: configure lint-staged for pre-commit linting
2026-03-18 15:14:57,976 - INFO - Pushed to GitHub: master
2026-03-18 15:14:58,978 - INFO - Modified 3 files
2026-03-18 15:14:59,264 - INFO - Created commit: chore: add commitlint to enforce conventional comm...
2026-03-18 15:14:59,265 - INFO - [OK] Commit created: chore: add commitlint to enforce conventional commit messages
2026-03-18 15:15:01,512 - INFO - Pushed to GitHub: master
2026-03-18 15:15:02,515 - INFO - Modified 3 files
2026-03-18 15:15:03,038 - INFO - Created commit: chore: initialize npm workspaces for monorepo pack...
2026-03-18 15:15:03,039 - INFO - [OK] Commit created: chore: initialize npm workspaces for monorepo package management
2026-03-18 15:15:05,188 - INFO - Pushed to GitHub: master
2026-03-18 15:15:06,191 - INFO - Modified 3 files
2026-03-18 15:15:06,596 - INFO - Created commit: chore: add .nvmrc specifying Node.js version 20...
2026-03-18 15:15:06,628 - INFO - [OK] Commit created: chore: add .nvmrc specifying Node.js version 20
2026-03-18 15:15:08,790 - INFO - Pushed to GitHub: master
2026-03-18 15:15:09,798 - INFO - Modified 3 files
2026-03-18 15:15:10,145 - INFO - Created commit: chore: configure VS Code workspace settings and re...
2026-03-18 15:15:10,146 - INFO - [OK] Commit created: chore: configure VS Code workspace settings and recommended extensions
2026-03-18 15:15:12,192 - INFO - Pushed to GitHub: master
2026-03-18 15:15:13,194 - INFO - Modified 3 files
2026-03-18 15:15:13,482 - INFO - Created commit: chore: add Docker and Docker Compose configuration...
2026-03-18 15:15:13,483 - INFO - [OK] Commit created: chore: add Docker and Docker Compose configuration files
2026-03-18 15:15:15,866 - INFO - Pushed to GitHub: master
2026-03-18 15:15:16,869 - INFO - Modified 3 files
2026-03-18 15:15:17,237 - INFO - Created commit: chore: create initial project documentation struct...
2026-03-18 15:15:17,237 - INFO - [OK] Commit created: chore: create initial project documentation structure
2026-03-18 15:15:19,355 - INFO - Pushed to GitHub: master
2026-03-18 15:15:20,357 - INFO - Modified 3 files
2026-03-18 15:15:20,651 - INFO - Created commit: chore: set up environment variable templates (.env...
2026-03-18 15:15:20,652 - INFO - [OK] Commit created: chore: set up environment variable templates (.env.example)
2026-03-18 15:15:22,729 - INFO - Pushed to GitHub: master
2026-03-18 15:15:23,732 - INFO - Modified 3 files
